<?xml version="1.0" encoding="UTF-8"?>
<!-- Generated by org.testng.reporters.JUnitReportReporter -->
<testsuite skipped="0" hostname="user-PC" name="Scripts.Login" tests="1" failures="0" timestamp="2020-09-07T20:39:03 IST" time="54.562" errors="0">
  <testcase name="Login" time="54.562" classname="Scripts.Login"/>
</testsuite> <!-- Scripts.Login -->
