<?xml version="1.0" encoding="UTF-8"?>
<!-- Generated by org.testng.reporters.JUnitReportReporter -->
<testsuite skipped="0" hostname="user-PC" name="Scripts.LoginwithUNandPW$Loginforblankfieldsandvalidate" tests="1" failures="0" timestamp="2020-09-07T23:36:30 IST" time="37.850" errors="0">
  <testcase name="Login" time="37.850" classname="Scripts.LoginwithUNandPW$Loginforblankfieldsandvalidate"/>
</testsuite> <!-- Scripts.LoginwithUNandPW$Loginforblankfieldsandvalidate -->
